<?xml version="1.0" encoding="UTF-8"?>
<!-- Generated by org.testng.reporters.JUnitXMLReporter -->
<testsuite ignored="0" hostname="DESKTOP-KG0QOUN" failures="0" tests="8" name="Default test" time="19.944" errors="0" timestamp="2026-06-26T17:13:26 IST">
  <testcase classname="ProductListingPageTest" name="productListingTE" time="0.409"/>
  <testcase classname="ProductListingPageTest" name="productListingTE" time="0.096"/>
  <testcase classname="ProductListingPageTest" name="productListingTE" time="0.097"/>
  <testcase classname="ProductListingPageTest" name="productListingTE" time="0.072"/>
  <testcase classname="ProductListingPageTest" name="productListingTE" time="0.08"/>
  <testcase classname="ProductListingPageTest" name="productListingTE" time="0.076"/>
  <testcase classname="ProductListingPageTest" name="productListingTE" time="0.083"/>
  <testcase classname="ProductListingPageTest" name="productListingTE" time="0.682"/>
</testsuite> <!-- Default test -->
