<?xml version="1.0" encoding="UTF-8"?>
<!-- Generated by org.testng.reporters.JUnitXMLReporter -->
<testsuite ignored="0" hostname="DESKTOP-KG0QOUN" failures="0" tests="3" name="Default test" time="7.642" errors="0" timestamp="2026-06-25T16:41:37 IST">
  <testcase classname="tests.WishListTestCase" name="getWatchlistSteps" time="1.592"/>
  <testcase classname="tests.WishListTestCase" name="RemoveFromwishlistSteps" time="0.758"/>
  <testcase classname="tests.WishListTestCase" name="wishlistSteps" time="0.251"/>
</testsuite> <!-- Default test -->
