<?xml version="1.0" encoding="UTF-8"?>
<!-- Generated by org.testng.reporters.JUnitXMLReporter -->
<testsuite ignored="0" hostname="DESKTOP-KG0QOUN" failures="0" tests="3" name="Regression Tests" time="11.283" errors="0" timestamp="2026-06-24T17:20:59 IST">
  <testcase classname="tests.Login" name="stepsofSendOTP" time="0.454"/>
  <testcase classname="tests.Login" name="steps" time="3.149"/>
  <testcase classname="tests.WishListTestCase" name="wishlistSteps" time="0.271"/>
</testsuite> <!-- Regression Tests -->
