<?xml version="1.0" encoding="UTF-8"?>
<!-- Generated by org.testng.reporters.JUnitXMLReporter -->
<testsuite ignored="0" hostname="DESKTOP-KG0QOUN" failures="0" tests="5" name="Regression Tests" time="19.006" errors="0" timestamp="2026-06-26T09:17:53 IST">
  <testcase classname="tests.Login" name="stepsofSendOTP" time="0.748"/>
  <testcase classname="tests.Login" name="steps" time="3.631"/>
  <testcase classname="tests.WishListTestCase" name="getWatchlistSteps" time="1.979"/>
  <testcase classname="tests.WishListTestCase" name="RemoveFromwishlistSteps" time="0.955"/>
  <testcase classname="tests.WishListTestCase" name="wishlistSteps" time="0.314"/>
</testsuite> <!-- Regression Tests -->
