<?xml version="1.0" encoding="UTF-8"?>
<testng-results ignored="0" total="3" passed="3" failed="0" skipped="0">
  <reporter-output>
  </reporter-output>
  <suite started-at="2026-06-24T17:20:48 IST" name="Titan API Automation" finished-at="2026-06-24T17:20:59 IST" duration-ms="11283">
    <groups>
    </groups>
    <test started-at="2026-06-24T17:20:48 IST" name="Regression Tests" finished-at="2026-06-24T17:20:59 IST" duration-ms="11283">
      <class name="tests.WishListTestCase">
        <test-method is-config="true" signature="setUP()[pri:0, instance:tests.WishListTestCase@130161f7]" started-at="2026-06-24T17:20:57 IST" name="setUP" finished-at="2026-06-24T17:20:59 IST" duration-ms="2543" status="PASS">
          <reporter-output>
          </reporter-output>
        </test-method> <!-- setUP -->
        <test-method signature="wishlistSteps()[pri:0, instance:tests.WishListTestCase@130161f7]" started-at="2026-06-24T17:20:59 IST" name="wishlistSteps" description="TC_002-Testing the wishlist APIs" finished-at="2026-06-24T17:20:59 IST" duration-ms="271" status="PASS">
          <reporter-output>
          </reporter-output>
        </test-method> <!-- wishlistSteps -->
      </class> <!-- tests.WishListTestCase -->
      <class name="tests.Login">
        <test-method is-config="true" signature="setUP()[pri:0, instance:tests.Login@647e447]" started-at="2026-06-24T17:20:48 IST" name="setUP" finished-at="2026-06-24T17:20:53 IST" duration-ms="4807" status="PASS">
          <reporter-output>
          </reporter-output>
        </test-method> <!-- setUP -->
        <test-method signature="stepsofSendOTP()[pri:0, instance:tests.Login@647e447]" started-at="2026-06-24T17:20:53 IST" name="stepsofSendOTP" description="TC_001-Send OTP API testing" finished-at="2026-06-24T17:20:53 IST" duration-ms="454" status="PASS">
          <reporter-output>
          </reporter-output>
        </test-method> <!-- stepsofSendOTP -->
        <test-method signature="steps()[pri:0, instance:tests.Login@647e447]" started-at="2026-06-24T17:20:53 IST" name="steps" description="TC_002-Verify OTP API testing" finished-at="2026-06-24T17:20:57 IST" depends-on-methods="tests.Login.stepsofSendOTP" duration-ms="3149" status="PASS">
          <reporter-output>
          </reporter-output>
        </test-method> <!-- steps -->
      </class> <!-- tests.Login -->
    </test> <!-- Regression Tests -->
  </suite> <!-- Titan API Automation -->
</testng-results>
