<?xml version="1.0" encoding="UTF-8"?>
<testng-results ignored="0" total="8" passed="8" failed="0" skipped="0">
  <reporter-output>
  </reporter-output>
  <suite started-at="2026-06-26T17:13:06 IST" name="Default suite" finished-at="2026-06-26T17:13:26 IST" duration-ms="19944">
    <groups>
    </groups>
    <test started-at="2026-06-26T17:13:06 IST" name="Default test" finished-at="2026-06-26T17:13:26 IST" duration-ms="19944">
      <class name="ProductListingPageTest">
        <test-method is-config="true" signature="setUP()[pri:0, instance:ProductListingPageTest@647e447]" started-at="2026-06-26T17:13:06 IST" name="setUP" finished-at="2026-06-26T17:13:24 IST" duration-ms="18151" status="PASS">
          <reporter-output>
          </reporter-output>
        </test-method> <!-- setUP -->
        <test-method signature="productListingTE(java.lang.String)[pri:0, instance:ProductListingPageTest@647e447]" started-at="2026-06-26T17:13:24 IST" name="productListingTE" data-provider="getProducts" finished-at="2026-06-26T17:13:25 IST" duration-ms="409" status="PASS">
          <params>
            <param index="0">
              <value>
                <![CDATA[Eyeglasses]]>
              </value>
            </param>
          </params>
          <reporter-output>
          </reporter-output>
        </test-method> <!-- productListingTE -->
        <test-method signature="productListingTE(java.lang.String)[pri:0, instance:ProductListingPageTest@647e447]" started-at="2026-06-26T17:13:25 IST" name="productListingTE" data-provider="getProducts" finished-at="2026-06-26T17:13:25 IST" duration-ms="96" status="PASS">
          <params>
            <param index="0">
              <value>
                <![CDATA[Sunglasses]]>
              </value>
            </param>
          </params>
          <reporter-output>
          </reporter-output>
        </test-method> <!-- productListingTE -->
        <test-method signature="productListingTE(java.lang.String)[pri:0, instance:ProductListingPageTest@647e447]" started-at="2026-06-26T17:13:25 IST" name="productListingTE" data-provider="getProducts" finished-at="2026-06-26T17:13:25 IST" duration-ms="97" status="PASS">
          <params>
            <param index="0">
              <value>
                <![CDATA[Computer glasses]]>
              </value>
            </param>
          </params>
          <reporter-output>
          </reporter-output>
        </test-method> <!-- productListingTE -->
        <test-method signature="productListingTE(java.lang.String)[pri:0, instance:ProductListingPageTest@647e447]" started-at="2026-06-26T17:13:25 IST" name="productListingTE" data-provider="getProducts" finished-at="2026-06-26T17:13:25 IST" duration-ms="72" status="PASS">
          <params>
            <param index="0">
              <value>
                <![CDATA[Powered Sunglasses]]>
              </value>
            </param>
          </params>
          <reporter-output>
          </reporter-output>
        </test-method> <!-- productListingTE -->
        <test-method signature="productListingTE(java.lang.String)[pri:0, instance:ProductListingPageTest@647e447]" started-at="2026-06-26T17:13:25 IST" name="productListingTE" data-provider="getProducts" finished-at="2026-06-26T17:13:25 IST" duration-ms="80" status="PASS">
          <params>
            <param index="0">
              <value>
                <![CDATA[Contact Lenses]]>
              </value>
            </param>
          </params>
          <reporter-output>
          </reporter-output>
        </test-method> <!-- productListingTE -->
        <test-method signature="productListingTE(java.lang.String)[pri:0, instance:ProductListingPageTest@647e447]" started-at="2026-06-26T17:13:25 IST" name="productListingTE" data-provider="getProducts" finished-at="2026-06-26T17:13:25 IST" duration-ms="76" status="PASS">
          <params>
            <param index="0">
              <value>
                <![CDATA[Ready reader]]>
              </value>
            </param>
          </params>
          <reporter-output>
          </reporter-output>
        </test-method> <!-- productListingTE -->
        <test-method signature="productListingTE(java.lang.String)[pri:0, instance:ProductListingPageTest@647e447]" started-at="2026-06-26T17:13:25 IST" name="productListingTE" data-provider="getProducts" finished-at="2026-06-26T17:13:25 IST" duration-ms="83" status="PASS">
          <params>
            <param index="0">
              <value>
                <![CDATA[Smart glasses]]>
              </value>
            </param>
          </params>
          <reporter-output>
          </reporter-output>
        </test-method> <!-- productListingTE -->
        <test-method signature="productListingTE(java.lang.String)[pri:0, instance:ProductListingPageTest@647e447]" started-at="2026-06-26T17:13:25 IST" name="productListingTE" data-provider="getProducts" finished-at="2026-06-26T17:13:26 IST" duration-ms="682" status="PASS">
          <params>
            <param index="0">
              <value>
                <![CDATA[Accessories]]>
              </value>
            </param>
          </params>
          <reporter-output>
          </reporter-output>
        </test-method> <!-- productListingTE -->
      </class> <!-- ProductListingPageTest -->
    </test> <!-- Default test -->
  </suite> <!-- Default suite -->
</testng-results>
