<?xml version="1.0" encoding="UTF-8"?>
<!-- Generated by org.testng.reporters.JUnitReportReporter -->
<testsuite hostname="DESKTOP-KG0QOUN" failures="0" tests="8" name="ProductListingPageTest" time="1.595" errors="0" timestamp="2026-06-26T17:13:27 IST" skipped="0">
  <testcase classname="ProductListingPageTest" name="productListingTE" time="0.096"/>
  <testcase classname="ProductListingPageTest" name="productListingTE" time="0.072"/>
  <testcase classname="ProductListingPageTest" name="productListingTE" time="0.409"/>
  <testcase classname="ProductListingPageTest" name="productListingTE" time="0.080"/>
  <testcase classname="ProductListingPageTest" name="productListingTE" time="0.682"/>
  <testcase classname="ProductListingPageTest" name="productListingTE" time="0.076"/>
  <testcase classname="ProductListingPageTest" name="productListingTE" time="0.097"/>
  <testcase classname="ProductListingPageTest" name="productListingTE" time="0.083"/>
</testsuite> <!-- ProductListingPageTest -->
