<?xml version="1.0" encoding="UTF-8"?>
<!-- Generated by org.testng.reporters.JUnitReportReporter -->
<testsuite hostname="DESKTOP-KG0QOUN" failures="0" tests="3" name="tests.WishListTestCase" time="3.248" errors="0" timestamp="2026-06-26T09:17:57 IST" skipped="0">
  <testcase classname="tests.WishListTestCase" name="RemoveFromwishlistSteps" time="0.955"/>
  <testcase classname="tests.WishListTestCase" name="getWatchlistSteps" time="1.979"/>
  <testcase classname="tests.WishListTestCase" name="wishlistSteps" time="0.314"/>
</testsuite> <!-- tests.WishListTestCase -->
